<?xml version="1.0" encoding="UTF-8"?>
<!-- Generated by org.testng.reporters.JUnitXMLReporter -->
<testsuite ignored="0" hostname="DESKTOP-UIAGOU1" failures="0" tests="10" name="Test" time="166.118" errors="0" timestamp="2021-11-22T13:54:28 IST">
  <testcase classname="Comp.Assesment.TestData" name="Hover" time="16.486"/>
  <testcase classname="Comp.Assesment.TestData" name="WishList" time="14.172"/>
  <testcase classname="Comp.Assesment.TestData" name="addGift" time="10.668"/>
  <testcase classname="Comp.Assesment.TestData" name="basepageNavigation" time="11.969"/>
  <testcase classname="Comp.Assesment.TestData" name="checkNavigation" time="7.503"/>
  <testcase classname="Comp.Assesment.TestData" name="contact" time="12.638"/>
  <testcase classname="Comp.Assesment.TestData" name="createAccount" time="14.206"/>
  <testcase classname="Comp.Assesment.TestData" name="search" time="13.503"/>
  <testcase classname="Comp.Assesment.TestData" name="sortBy" time="15.061"/>
  <testcase classname="Comp.Assesment.TestData" name="validateTitle" time="7.825"/>
</testsuite> <!-- Test -->
