<?xml version="1.0" encoding="UTF-8"?>
<!-- Generated by org.testng.reporters.JUnitXMLReporter -->
<testsuite ignored="0" hostname="DESKTOP-UIAGOU1" failures="0" tests="10" name="Default test" time="111.175" errors="0" timestamp="2021-11-22T12:26:19 IST">
  <testcase classname="Comp.Assesment.TestData" name="Hover" time="15.507"/>
  <testcase classname="Comp.Assesment.TestData" name="WishList" time="9.88"/>
  <testcase classname="Comp.Assesment.TestData" name="addGift" time="7.204"/>
  <testcase classname="Comp.Assesment.TestData" name="basepageNavigation" time="9.705"/>
  <testcase classname="Comp.Assesment.TestData" name="checkNavigation" time="5.42"/>
  <testcase classname="Comp.Assesment.TestData" name="contact" time="11.848"/>
  <testcase classname="Comp.Assesment.TestData" name="createAccount" time="9.967"/>
  <testcase classname="Comp.Assesment.TestData" name="search" time="13.055"/>
  <testcase classname="Comp.Assesment.TestData" name="sortBy" time="12.716"/>
  <testcase classname="Comp.Assesment.TestData" name="validateTitle" time="14.729"/>
</testsuite> <!-- Default test -->
