<?xml version="1.0" encoding="UTF-8"?>
<testng-results skipped="0" failed="2" ignored="0" total="10" passed="8">
  <reporter-output>
  </reporter-output>
  <suite name="Suite" duration-ms="528844" started-at="2021-11-18T23:31:22 IST" finished-at="2021-11-18T23:40:11 IST">
    <groups>
      <group name="cucumber">
        <method signature="AbstractTestNGCucumberTests.runScenario(io.cucumber.testng.PickleWrapper,io.cucumber.testng.FeatureWrapper)[pri:0, instance:com.mindtree.runner.TestRunner@3aefe5e5]" name="runScenario" class="io.cucumber.testng.AbstractTestNGCucumberTests"/>
      </group> <!-- cucumber -->
    </groups>
    <test name="Test" duration-ms="528844" started-at="2021-11-18T23:31:22 IST" finished-at="2021-11-18T23:40:11 IST">
      <class name="com.mindtree.runner.TestRunner">
        <test-method status="PASS" signature="setUpClass(org.testng.ITestContext)[pri:0, instance:com.mindtree.runner.TestRunner@3aefe5e5]" name="setUpClass" is-config="true" duration-ms="226" started-at="2021-11-18T23:31:23 IST" finished-at="2021-11-18T23:31:23 IST">
          <params>
            <param index="0">
              <value>
                <![CDATA[org.testng.TestRunner@7a687d8d]]>
              </value>
            </param>
          </params>
          <reporter-output>
          </reporter-output>
        </test-method> <!-- setUpClass -->
        <test-method status="PASS" signature="runScenario(io.cucumber.testng.PickleWrapper,io.cucumber.testng.FeatureWrapper)[pri:0, instance:com.mindtree.runner.TestRunner@3aefe5e5]" name="runScenario" duration-ms="44732" started-at="2021-11-18T23:31:23 IST" description="Runs Cucumber Scenarios" data-provider="scenarios" finished-at="2021-11-18T23:32:07 IST">
          <params>
            <param index="0">
              <value>
                <![CDATA["AddToCart and CheckOut"]]>
              </value>
            </param>
            <param index="1">
              <value>
                <![CDATA["Optional[AddToCart]"]]>
              </value>
            </param>
          </params>
          <reporter-output>
          </reporter-output>
        </test-method> <!-- runScenario -->
        <test-method status="PASS" signature="runScenario(io.cucumber.testng.PickleWrapper,io.cucumber.testng.FeatureWrapper)[pri:0, instance:com.mindtree.runner.TestRunner@3aefe5e5]" name="runScenario" duration-ms="110006" started-at="2021-11-18T23:32:08 IST" description="Runs Cucumber Scenarios" data-provider="scenarios" finished-at="2021-11-18T23:33:58 IST">
          <params>
            <param index="0">
              <value>
                <![CDATA["Clicking AllofIt and validating Next Page"]]>
              </value>
            </param>
            <param index="1">
              <value>
                <![CDATA["Optional[AllofIt]"]]>
              </value>
            </param>
          </params>
          <reporter-output>
          </reporter-output>
        </test-method> <!-- runScenario -->
        <test-method status="FAIL" signature="runScenario(io.cucumber.testng.PickleWrapper,io.cucumber.testng.FeatureWrapper)[pri:0, instance:com.mindtree.runner.TestRunner@3aefe5e5]" name="runScenario" duration-ms="119286" started-at="2021-11-18T23:34:03 IST" description="Runs Cucumber Scenarios" data-provider="scenarios" finished-at="2021-11-18T23:36:02 IST">
          <params>
            <param index="0">
              <value>
                <![CDATA["Fill the details and Submit the contact form"]]>
              </value>
            </param>
            <param index="1">
              <value>
                <![CDATA["Optional[Contact Us]"]]>
              </value>
            </param>
          </params>
          <exception class="java.lang.NullPointerException">
            <full-stacktrace>
              <![CDATA[java.lang.NullPointerException
at com.mindtree.stepDefinitions.ContactstepDefinition.a_thankyou_message_should_be_displayed(ContactstepDefinition.java:66)
at ✽.A Thankyou Message should be displayed(file:///C:/Users/M1073161/Documents/BDDframeWork/./features/Contact.feature:10)
]]>
            </full-stacktrace>
          </exception> <!-- java.lang.NullPointerException -->
          <reporter-output>
          </reporter-output>
        </test-method> <!-- runScenario -->
        <test-method status="PASS" signature="runScenario(io.cucumber.testng.PickleWrapper,io.cucumber.testng.FeatureWrapper)[pri:0, instance:com.mindtree.runner.TestRunner@3aefe5e5]" name="runScenario" duration-ms="16714" started-at="2021-11-18T23:36:03 IST" description="Runs Cucumber Scenarios" data-provider="scenarios" finished-at="2021-11-18T23:36:19 IST">
          <params>
            <param index="0">
              <value>
                <![CDATA["Clicking on the GiftCard and checking its delivery status using postal code"]]>
              </value>
            </param>
            <param index="1">
              <value>
                <![CDATA["Optional[GiftCard]"]]>
              </value>
            </param>
          </params>
          <reporter-output>
          </reporter-output>
        </test-method> <!-- runScenario -->
        <test-method status="PASS" signature="runScenario(io.cucumber.testng.PickleWrapper,io.cucumber.testng.FeatureWrapper)[pri:0, instance:com.mindtree.runner.TestRunner@3aefe5e5]" name="runScenario" duration-ms="37586" started-at="2021-11-18T23:36:24 IST" description="Runs Cucumber Scenarios" data-provider="scenarios" finished-at="2021-11-18T23:37:01 IST">
          <params>
            <param index="0">
              <value>
                <![CDATA["HomePage Validation"]]>
              </value>
            </param>
            <param index="1">
              <value>
                <![CDATA["Optional[BigSmall Site AutoMate]"]]>
              </value>
            </param>
          </params>
          <reporter-output>
          </reporter-output>
        </test-method> <!-- runScenario -->
        <test-method status="PASS" signature="runScenario(io.cucumber.testng.PickleWrapper,io.cucumber.testng.FeatureWrapper)[pri:0, instance:com.mindtree.runner.TestRunner@3aefe5e5]" name="runScenario" duration-ms="26002" started-at="2021-11-18T23:37:06 IST" description="Runs Cucumber Scenarios" data-provider="scenarios" finished-at="2021-11-18T23:37:32 IST">
          <params>
            <param index="0">
              <value>
                <![CDATA["Hovering over Shop By Category"]]>
              </value>
            </param>
            <param index="1">
              <value>
                <![CDATA["Optional[Hover Test]"]]>
              </value>
            </param>
          </params>
          <reporter-output>
          </reporter-output>
        </test-method> <!-- runScenario -->
        <test-method status="PASS" signature="runScenario(io.cucumber.testng.PickleWrapper,io.cucumber.testng.FeatureWrapper)[pri:0, instance:com.mindtree.runner.TestRunner@3aefe5e5]" name="runScenario" duration-ms="35598" started-at="2021-11-18T23:37:33 IST" description="Runs Cucumber Scenarios" data-provider="scenarios" finished-at="2021-11-18T23:38:08 IST">
          <params>
            <param index="0">
              <value>
                <![CDATA["Validating Login"]]>
              </value>
            </param>
            <param index="1">
              <value>
                <![CDATA["Optional[Login Test]"]]>
              </value>
            </param>
          </params>
          <reporter-output>
          </reporter-output>
        </test-method> <!-- runScenario -->
        <test-method status="PASS" signature="runScenario(io.cucumber.testng.PickleWrapper,io.cucumber.testng.FeatureWrapper)[pri:0, instance:com.mindtree.runner.TestRunner@3aefe5e5]" name="runScenario" duration-ms="33834" started-at="2021-11-18T23:38:09 IST" description="Runs Cucumber Scenarios" data-provider="scenarios" finished-at="2021-11-18T23:38:43 IST">
          <params>
            <param index="0">
              <value>
                <![CDATA["Entering data into search box and validating the results"]]>
              </value>
            </param>
            <param index="1">
              <value>
                <![CDATA["Optional[SearchBar Validation]"]]>
              </value>
            </param>
          </params>
          <reporter-output>
          </reporter-output>
        </test-method> <!-- runScenario -->
        <test-method status="PASS" signature="runScenario(io.cucumber.testng.PickleWrapper,io.cucumber.testng.FeatureWrapper)[pri:0, instance:com.mindtree.runner.TestRunner@3aefe5e5]" name="runScenario" duration-ms="34571" started-at="2021-11-18T23:38:43 IST" description="Runs Cucumber Scenarios" data-provider="scenarios" finished-at="2021-11-18T23:39:18 IST">
          <params>
            <param index="0">
              <value>
                <![CDATA["Validating WishList"]]>
              </value>
            </param>
            <param index="1">
              <value>
                <![CDATA["Optional[WishList]"]]>
              </value>
            </param>
          </params>
          <reporter-output>
          </reporter-output>
        </test-method> <!-- runScenario -->
        <test-method status="FAIL" signature="runScenario(io.cucumber.testng.PickleWrapper,io.cucumber.testng.FeatureWrapper)[pri:0, instance:com.mindtree.runner.TestRunner@3aefe5e5]" name="runScenario" duration-ms="48127" started-at="2021-11-18T23:39:22 IST" description="Runs Cucumber Scenarios" data-provider="scenarios" finished-at="2021-11-18T23:40:10 IST">
          <params>
            <param index="0">
              <value>
                <![CDATA["Social Bar"]]>
              </value>
            </param>
            <param index="1">
              <value>
                <![CDATA["Optional[SocialBar]"]]>
              </value>
            </param>
          </params>
          <exception class="java.lang.AssertionError">
            <message>
              <![CDATA[expected [Twitter] but found [bigsmall.in (@Bigsmallstore) / Twitter]]]>
            </message>
            <full-stacktrace>
              <![CDATA[java.lang.AssertionError: expected [Twitter] but found [bigsmall.in (@Bigsmallstore) / Twitter]
at org.testng.Assert.fail(Assert.java:99)
at org.testng.Assert.failNotEquals(Assert.java:1037)
at org.testng.Assert.assertEqualsImpl(Assert.java:140)
at org.testng.Assert.assertEquals(Assert.java:122)
at org.testng.Assert.assertEquals(Assert.java:629)
at org.testng.Assert.assertEquals(Assert.java:639)
at com.mindtree.stepDefinitions.SocialBarstepDefinition.twitter_page_should_displayed(SocialBarstepDefinition.java:83)
at ✽.Twitter page should displayed(file:///C:/Users/M1073161/Documents/BDDframeWork/./features/socialBar.feature:12)
]]>
            </full-stacktrace>
          </exception> <!-- java.lang.AssertionError -->
          <reporter-output>
          </reporter-output>
        </test-method> <!-- runScenario -->
        <test-method status="PASS" signature="tearDownClass()[pri:0, instance:com.mindtree.runner.TestRunner@3aefe5e5]" name="tearDownClass" is-config="true" duration-ms="11" started-at="2021-11-18T23:40:11 IST" finished-at="2021-11-18T23:40:11 IST">
          <reporter-output>
          </reporter-output>
        </test-method> <!-- tearDownClass -->
      </class> <!-- com.mindtree.runner.TestRunner -->
    </test> <!-- Test -->
  </suite> <!-- Suite -->
</testng-results>
