<?xml version="1.0" encoding="UTF-8"?>
<testng-results ignored="0" total="10" passed="10" failed="0" skipped="0">
  <reporter-output>
  </reporter-output>
  <suite started-at="2021-11-22T13:51:42 IST" name="Suite" finished-at="2021-11-22T13:54:28 IST" duration-ms="166118">
    <groups>
    </groups>
    <test started-at="2021-11-22T13:51:42 IST" name="Test" finished-at="2021-11-22T13:54:28 IST" duration-ms="166118">
      <class name="Comp.Assesment.TestData">
        <test-method signature="Hover()[pri:0, instance:Comp.Assesment.TestData@2c3dec30]" started-at="2021-11-22T13:51:42 IST" name="Hover" finished-at="2021-11-22T13:51:58 IST" duration-ms="16486" status="PASS">
          <reporter-output>
          </reporter-output>
        </test-method> <!-- Hover -->
        <test-method signature="WishList()[pri:0, instance:Comp.Assesment.TestData@2c3dec30]" started-at="2021-11-22T13:52:03 IST" name="WishList" finished-at="2021-11-22T13:52:17 IST" duration-ms="14172" status="PASS">
          <reporter-output>
          </reporter-output>
        </test-method> <!-- WishList -->
        <test-method signature="addGift()[pri:0, instance:Comp.Assesment.TestData@2c3dec30]" started-at="2021-11-22T13:52:22 IST" name="addGift" finished-at="2021-11-22T13:52:32 IST" duration-ms="10668" status="PASS">
          <reporter-output>
          </reporter-output>
        </test-method> <!-- addGift -->
        <test-method signature="basepageNavigation(java.lang.String,java.lang.String)[pri:0, instance:Comp.Assesment.TestData@2c3dec30]" started-at="2021-11-22T13:52:38 IST" name="basepageNavigation" data-provider="loginData" finished-at="2021-11-22T13:52:50 IST" duration-ms="11969" status="PASS">
          <params>
            <param index="0">
              <value>
                <![CDATA[rahul@gmail.com]]>
              </value>
            </param>
            <param index="1">
              <value>
                <![CDATA[qwerty]]>
              </value>
            </param>
          </params>
          <reporter-output>
          </reporter-output>
        </test-method> <!-- basepageNavigation -->
        <test-method signature="checkNavigation()[pri:0, instance:Comp.Assesment.TestData@2c3dec30]" started-at="2021-11-22T13:52:54 IST" name="checkNavigation" finished-at="2021-11-22T13:53:01 IST" duration-ms="7503" status="PASS">
          <reporter-output>
          </reporter-output>
        </test-method> <!-- checkNavigation -->
        <test-method signature="contact()[pri:0, instance:Comp.Assesment.TestData@2c3dec30]" started-at="2021-11-22T13:53:06 IST" name="contact" finished-at="2021-11-22T13:53:19 IST" duration-ms="12638" status="PASS">
          <reporter-output>
          </reporter-output>
        </test-method> <!-- contact -->
        <test-method signature="createAccount()[pri:0, instance:Comp.Assesment.TestData@2c3dec30]" started-at="2021-11-22T13:53:23 IST" name="createAccount" finished-at="2021-11-22T13:53:38 IST" duration-ms="14206" status="PASS">
          <reporter-output>
          </reporter-output>
        </test-method> <!-- createAccount -->
        <test-method signature="search()[pri:0, instance:Comp.Assesment.TestData@2c3dec30]" started-at="2021-11-22T13:53:42 IST" name="search" finished-at="2021-11-22T13:53:55 IST" duration-ms="13503" status="PASS">
          <reporter-output>
          </reporter-output>
        </test-method> <!-- search -->
        <test-method signature="sortBy()[pri:0, instance:Comp.Assesment.TestData@2c3dec30]" started-at="2021-11-22T13:53:56 IST" name="sortBy" finished-at="2021-11-22T13:54:11 IST" duration-ms="15061" status="PASS">
          <reporter-output>
          </reporter-output>
        </test-method> <!-- sortBy -->
        <test-method signature="validateTitle()[pri:0, instance:Comp.Assesment.TestData@2c3dec30]" started-at="2021-11-22T13:54:15 IST" name="validateTitle" finished-at="2021-11-22T13:54:23 IST" duration-ms="7825" status="PASS">
          <reporter-output>
          </reporter-output>
        </test-method> <!-- validateTitle -->
      </class> <!-- Comp.Assesment.TestData -->
    </test> <!-- Test -->
  </suite> <!-- Suite -->
</testng-results>
